[INFO  - 2016-12-09T07:08:13.155Z] GhostDriver - Main - running on port 41131
[INFO  - 2016-12-09T07:08:13.807Z] Session [402673b0-bdde-11e6-867d-b1d507a52e26] - page.settings - {"XSSAuditingEnabled":false,"javascriptCanCloseWindows":true,"javascriptCanOpenWindows":true,"javascriptEnabled":true,"loadImages":true,"localToRemoteUrlAccessEnabled":false,"userAgent":"Mozilla/5.0 (Windows NT 6.1; WOW64) AppleWebKit/538.1 (KHTML, like Gecko) PhantomJS/2.1.1 Safari/538.1","webSecurityEnabled":true}
[INFO  - 2016-12-09T07:08:13.807Z] Session [402673b0-bdde-11e6-867d-b1d507a52e26] - page.customHeaders:  - {}
[INFO  - 2016-12-09T07:08:13.807Z] Session [402673b0-bdde-11e6-867d-b1d507a52e26] - Session.negotiatedCapabilities - {"browserName":"phantomjs","version":"2.1.1","driverName":"ghostdriver","driverVersion":"1.2.0","platform":"windows-7-32bit","javascriptEnabled":true,"takesScreenshot":true,"handlesAlerts":false,"databaseEnabled":false,"locationContextEnabled":false,"applicationCacheEnabled":false,"browserConnectionEnabled":false,"cssSelectorsEnabled":true,"webStorageEnabled":false,"rotatable":false,"acceptSslCerts":false,"nativeEvents":true,"proxy":{"proxyType":"direct"}}
[INFO  - 2016-12-09T07:08:13.808Z] SessionManagerReqHand - _postNewSessionCommand - New Session Created: 402673b0-bdde-11e6-867d-b1d507a52e26
[ERROR - 2016-12-09T07:08:24.565Z] WebElementLocator - _handleLocateCommand - Element(s) NOT Found: GAVE UP. Search Stop Time: 1481267304517
[INFO  - 2016-12-09T07:13:13.161Z] SessionManagerReqHand - _cleanupWindowlessSessions - Asynchronous Sessions clean-up phase starting NOW
[INFO  - 2016-12-09T07:13:13.161Z] SessionManagerReqHand - _cleanupWindowlessSessions - Deleted Session '402673b0-bdde-11e6-867d-b1d507a52e26', because windowless
Images":true,"localToRemoteUrlAccessEnabled":false,"userAgent":"Mozilla/5.0 (Windows NT 6.1; WOW64) AppleWebKit/538.1 (KHTML, like Gecko) PhantomJS/2.1.1 Safari/538.1","webSecurityEnabled":true}
[INFO  - 2016-12-09T07:09:40.763Z] Session [73fae270-bdde-11e6-aa87-8947036b477a] - page.customHeaders:  - {}
[INFO  - 2016-12-09T07:09:40.763Z] Session [73fae270-bdde-11e6-aa87-8947036b477a] - Session.negotiatedCapabilities - {"browserName":"phantomjs","version":"2.1.1","driverName":"ghostdriver","driverVersion":"1.2.0","platform":"windows-7-32bit","javascriptEnabled":true,"takesScreenshot":true,"handlesAlerts":false,"databaseEnabled":false,"locationContextEnabled":false,"applicationCacheEnabled":false,"browserConnectionEnabled":false,"cssSelectorsEnabled":true,"webStorageEnabled":false,"rotatable":false,"acceptSslCerts":false,"nativeEvents":true,"proxy":{"proxyType":"direct"}}
[INFO  - 2016-12-09T07:09:40.764Z] SessionManagerReqHand - _postNewSessionCommand - New Session Created: 73fae270-bdde-11e6-aa87-8947036b477a
[ERROR - 2016-12-09T07:09:50.992Z] WebElementLocator - _handleLocateCommand - Element(s) NOT Found: GAVE UP. Search Stop Time: 1481267390943
[INFO  - 2016-12-09T07:14:40.171Z] SessionManagerReqHand - _cleanupWindowlessSessions - Asynchronous Sessions clean-up phase starting NOW
[INFO  - 2016-12-09T07:14:40.171Z] SessionManagerReqHand - _cleanupWindowlessSessions - Deleted Session '73fae270-bdde-11e6-aa87-8947036b477a', because windowless
mages":true,"localToRemoteUrlAccessEnabled":false,"userAgent":"Mozilla/5.0 (Windows NT 6.1; WOW64) AppleWebKit/538.1 (KHTML, like Gecko) PhantomJS/2.1.1 Safari/538.1","webSecurityEnabled":true}
[INFO  - 2016-12-09T07:10:06.401Z] Session [8342eed0-bdde-11e6-ad9d-3f1e2445a8e9] - page.customHeaders:  - {}
[INFO  - 2016-12-09T07:10:06.401Z] Session [8342eed0-bdde-11e6-ad9d-3f1e2445a8e9] - Session.negotiatedCapabilities - {"browserName":"phantomjs","version":"2.1.1","driverName":"ghostdriver","driverVersion":"1.2.0","platform":"windows-7-32bit","javascriptEnabled":true,"takesScreenshot":true,"handlesAlerts":false,"databaseEnabled":false,"locationContextEnabled":false,"applicationCacheEnabled":false,"browserConnectionEnabled":false,"cssSelectorsEnabled":true,"webStorageEnabled":false,"rotatable":false,"acceptSslCerts":false,"nativeEvents":true,"proxy":{"proxyType":"direct"}}
[INFO  - 2016-12-09T07:10:06.401Z] SessionManagerReqHand - _postNewSessionCommand - New Session Created: 8342eed0-bdde-11e6-ad9d-3f1e2445a8e9
[ERROR - 2016-12-09T07:10:16.603Z] WebElementLocator - _handleLocateCommand - Element(s) NOT Found: GAVE UP. Search Stop Time: 1481267416572
[INFO  - 2016-12-09T07:15:05.747Z] SessionManagerReqHand - _cleanupWindowlessSessions - Asynchronous Sessions clean-up phase starting NOW
[INFO  - 2016-12-09T07:15:05.747Z] SessionManagerReqHand - _cleanupWindowlessSessions - Deleted Session '8342eed0-bdde-11e6-ad9d-3f1e2445a8e9', because windowless
Images":true,"localToRemoteUrlAccessEnabled":false,"userAgent":"Mozilla/5.0 (Windows NT 6.1; WOW64) AppleWebKit/538.1 (KHTML, like Gecko) PhantomJS/2.1.1 Safari/538.1","webSecurityEnabled":true}
[INFO  - 2016-12-09T07:12:22.324Z] Session [d4472300-bdde-11e6-b412-2543d9e56ef3] - page.customHeaders:  - {}
[INFO  - 2016-12-09T07:12:22.324Z] Session [d4472300-bdde-11e6-b412-2543d9e56ef3] - Session.negotiatedCapabilities - {"browserName":"phantomjs","version":"2.1.1","driverName":"ghostdriver","driverVersion":"1.2.0","platform":"windows-7-32bit","javascriptEnabled":true,"takesScreenshot":true,"handlesAlerts":false,"databaseEnabled":false,"locationContextEnabled":false,"applicationCacheEnabled":false,"browserConnectionEnabled":false,"cssSelectorsEnabled":true,"webStorageEnabled":false,"rotatable":false,"acceptSslCerts":false,"nativeEvents":true,"proxy":{"proxyType":"direct"}}
[INFO  - 2016-12-09T07:12:22.324Z] SessionManagerReqHand - _postNewSessionCommand - New Session Created: d4472300-bdde-11e6-b412-2543d9e56ef3
[ERROR - 2016-12-09T07:12:32.521Z] WebElementLocator - _handleLocateCommand - Element(s) NOT Found: GAVE UP. Search Stop Time: 1481267552500
[INFO  - 2016-12-09T07:17:21.663Z] SessionManagerReqHand - _cleanupWindowlessSessions - Asynchronous Sessions clean-up phase starting NOW
[INFO  - 2016-12-09T07:17:21.664Z] SessionManagerReqHand - _cleanupWindowlessSessions - Deleted Session 'd4472300-bdde-11e6-b412-2543d9e56ef3', because windowless
mages":true,"localToRemoteUrlAccessEnabled":false,"userAgent":"Mozilla/5.0 (Windows NT 6.1; WOW64) AppleWebKit/538.1 (KHTML, like Gecko) PhantomJS/2.1.1 Safari/538.1","webSecurityEnabled":true}
[INFO  - 2016-12-09T07:13:46.812Z] Session [06a2d470-bddf-11e6-9dc3-f3dadfba7b86] - page.customHeaders:  - {}
[INFO  - 2016-12-09T07:13:46.812Z] Session [06a2d470-bddf-11e6-9dc3-f3dadfba7b86] - Session.negotiatedCapabilities - {"browserName":"phantomjs","version":"2.1.1","driverName":"ghostdriver","driverVersion":"1.2.0","platform":"windows-7-32bit","javascriptEnabled":true,"takesScreenshot":true,"handlesAlerts":false,"databaseEnabled":false,"locationContextEnabled":false,"applicationCacheEnabled":false,"browserConnectionEnabled":false,"cssSelectorsEnabled":true,"webStorageEnabled":false,"rotatable":false,"acceptSslCerts":false,"nativeEvents":true,"proxy":{"proxyType":"direct"}}
[INFO  - 2016-12-09T07:13:46.812Z] SessionManagerReqHand - _postNewSessionCommand - New Session Created: 06a2d470-bddf-11e6-9dc3-f3dadfba7b86
[ERROR - 2016-12-09T07:13:57.007Z] WebElementLocator - _handleLocateCommand - Element(s) NOT Found: GAVE UP. Search Stop Time: 1481267636984
[INFO  - 2016-12-09T07:18:46.137Z] SessionManagerReqHand - _cleanupWindowlessSessions - Asynchronous Sessions clean-up phase starting NOW
[INFO  - 2016-12-09T07:18:46.138Z] SessionManagerReqHand - _cleanupWindowlessSessions - Deleted Session '06a2d470-bddf-11e6-9dc3-f3dadfba7b86', because windowless
Images":true,"localToRemoteUrlAccessEnabled":false,"userAgent":"Mozilla/5.0 (Windows NT 6.1; WOW64) AppleWebKit/538.1 (KHTML, like Gecko) PhantomJS/2.1.1 Safari/538.1","webSecurityEnabled":true}
[INFO  - 2016-12-09T07:14:59.755Z] Session [321d0c60-bddf-11e6-b650-772c0f1cb241] - page.customHeaders:  - {}
[INFO  - 2016-12-09T07:14:59.755Z] Session [321d0c60-bddf-11e6-b650-772c0f1cb241] - Session.negotiatedCapabilities - {"browserName":"phantomjs","version":"2.1.1","driverName":"ghostdriver","driverVersion":"1.2.0","platform":"windows-7-32bit","javascriptEnabled":true,"takesScreenshot":true,"handlesAlerts":false,"databaseEnabled":false,"locationContextEnabled":false,"applicationCacheEnabled":false,"browserConnectionEnabled":false,"cssSelectorsEnabled":true,"webStorageEnabled":false,"rotatable":false,"acceptSslCerts":false,"nativeEvents":true,"proxy":{"proxyType":"direct"}}
[INFO  - 2016-12-09T07:14:59.755Z] SessionManagerReqHand - _postNewSessionCommand - New Session Created: 321d0c60-bddf-11e6-b650-772c0f1cb241
[ERROR - 2016-12-09T07:15:09.967Z] WebElementLocator - _handleLocateCommand - Element(s) NOT Found: GAVE UP. Search Stop Time: 1481267709936
[INFO  - 2016-12-09T07:19:59.094Z] SessionManagerReqHand - _cleanupWindowlessSessions - Asynchronous Sessions clean-up phase starting NOW
[INFO  - 2016-12-09T07:19:59.094Z] SessionManagerReqHand - _cleanupWindowlessSessions - Deleted Session '321d0c60-bddf-11e6-b650-772c0f1cb241', because windowless
Images":true,"localToRemoteUrlAccessEnabled":false,"userAgent":"Mozilla/5.0 (Windows NT 6.1; WOW64) AppleWebKit/538.1 (KHTML, like Gecko) PhantomJS/2.1.1 Safari/538.1","webSecurityEnabled":true}
[INFO  - 2016-12-09T07:15:36.434Z] Session [47f9d1d0-bddf-11e6-a9da-5b7a5cc8e015] - page.customHeaders:  - {}
[INFO  - 2016-12-09T07:15:36.434Z] Session [47f9d1d0-bddf-11e6-a9da-5b7a5cc8e015] - Session.negotiatedCapabilities - {"browserName":"phantomjs","version":"2.1.1","driverName":"ghostdriver","driverVersion":"1.2.0","platform":"windows-7-32bit","javascriptEnabled":true,"takesScreenshot":true,"handlesAlerts":false,"databaseEnabled":false,"locationContextEnabled":false,"applicationCacheEnabled":false,"browserConnectionEnabled":false,"cssSelectorsEnabled":true,"webStorageEnabled":false,"rotatable":false,"acceptSslCerts":false,"nativeEvents":true,"proxy":{"proxyType":"direct"}}
[INFO  - 2016-12-09T07:15:36.434Z] SessionManagerReqHand - _postNewSessionCommand - New Session Created: 47f9d1d0-bddf-11e6-a9da-5b7a5cc8e015
[ERROR - 2016-12-09T07:15:46.646Z] WebElementLocator - _handleLocateCommand - Element(s) NOT Found: GAVE UP. Search Stop Time: 1481267746620
[INFO  - 2016-12-09T07:20:35.773Z] SessionManagerReqHand - _cleanupWindowlessSessions - Asynchronous Sessions clean-up phase starting NOW
[INFO  - 2016-12-09T07:20:35.774Z] SessionManagerReqHand - _cleanupWindowlessSessions - Deleted Session '47f9d1d0-bddf-11e6-a9da-5b7a5cc8e015', because windowless
Images":true,"localToRemoteUrlAccessEnabled":false,"userAgent":"Mozilla/5.0 (Windows NT 6.1; WOW64) AppleWebKit/538.1 (KHTML, like Gecko) PhantomJS/2.1.1 Safari/538.1","webSecurityEnabled":true}
[INFO  - 2016-12-09T07:17:52.749Z] Session [9939fd90-bddf-11e6-9da5-cb7f6623f192] - page.customHeaders:  - {}
[INFO  - 2016-12-09T07:17:52.749Z] Session [9939fd90-bddf-11e6-9da5-cb7f6623f192] - Session.negotiatedCapabilities - {"browserName":"phantomjs","version":"2.1.1","driverName":"ghostdriver","driverVersion":"1.2.0","platform":"windows-7-32bit","javascriptEnabled":true,"takesScreenshot":true,"handlesAlerts":false,"databaseEnabled":false,"locationContextEnabled":false,"applicationCacheEnabled":false,"browserConnectionEnabled":false,"cssSelectorsEnabled":true,"webStorageEnabled":false,"rotatable":false,"acceptSslCerts":false,"nativeEvents":true,"proxy":{"proxyType":"direct"}}
[INFO  - 2016-12-09T07:17:52.750Z] SessionManagerReqHand - _postNewSessionCommand - New Session Created: 9939fd90-bddf-11e6-9da5-cb7f6623f192
[ERROR - 2016-12-09T07:18:02.948Z] WebElementLocator - _handleLocateCommand - Element(s) NOT Found: GAVE UP. Search Stop Time: 1481267882926
[INFO  - 2016-12-09T07:22:52.106Z] SessionManagerReqHand - _cleanupWindowlessSessions - Asynchronous Sessions clean-up phase starting NOW
[INFO  - 2016-12-09T07:22:52.107Z] SessionManagerReqHand - _cleanupWindowlessSessions - Deleted Session '9939fd90-bddf-11e6-9da5-cb7f6623f192', because windowless
[INFO  - 2016-12-09T07:23:47.872Z] GhostDriver - Main - running on port 19370
[INFO  - 2016-12-09T07:23:48.026Z] Session [6cfcf560-bde0-11e6-8bb7-9541c67d4269] - page.settings - {"XSSAuditingEnabled":false,"javascriptCanCloseWindows":true,"javascriptCanOpenWindows":true,"javascriptEnabled":true,"loadImages":true,"localToRemoteUrlAccessEnabled":false,"userAgent":"Mozilla/5.0 (Windows NT 6.1; WOW64) AppleWebKit/538.1 (KHTML, like Gecko) PhantomJS/2.1.1 Safari/538.1","webSecurityEnabled":true}
[INFO  - 2016-12-09T07:23:48.027Z] Session [6cfcf560-bde0-11e6-8bb7-9541c67d4269] - page.customHeaders:  - {}
[INFO  - 2016-12-09T07:23:48.027Z] Session [6cfcf560-bde0-11e6-8bb7-9541c67d4269] - Session.negotiatedCapabilities - {"browserName":"phantomjs","version":"2.1.1","driverName":"ghostdriver","driverVersion":"1.2.0","platform":"windows-7-32bit","javascriptEnabled":true,"takesScreenshot":true,"handlesAlerts":false,"databaseEnabled":false,"locationContextEnabled":false,"applicationCacheEnabled":false,"browserConnectionEnabled":false,"cssSelectorsEnabled":true,"webStorageEnabled":false,"rotatable":false,"acceptSslCerts":false,"nativeEvents":true,"proxy":{"proxyType":"direct"}}
[INFO  - 2016-12-09T07:23:48.027Z] SessionManagerReqHand - _postNewSessionCommand - New Session Created: 6cfcf560-bde0-11e6-8bb7-9541c67d4269
[ERROR - 2016-12-09T07:23:58.225Z] WebElementLocator - _handleLocateCommand - Element(s) NOT Found: GAVE UP. Search Stop Time: 1481268238205
[INFO  - 2016-12-09T07:28:47.869Z] SessionManagerReqHand - _cleanupWindowlessSessions - Asynchronous Sessions clean-up phase starting NOW
[INFO  - 2016-12-09T07:28:47.869Z] SessionManagerReqHand - _cleanupWindowlessSessions - Deleted Session '6cfcf560-bde0-11e6-8bb7-9541c67d4269', because windowless
Images":true,"localToRemoteUrlAccessEnabled":false,"userAgent":"Mozilla/5.0 (Windows NT 6.1; WOW64) AppleWebKit/538.1 (KHTML, like Gecko) PhantomJS/2.1.1 Safari/538.1","webSecurityEnabled":true}
[INFO  - 2016-12-09T07:24:46.972Z] Session [901f4070-bde0-11e6-8315-991f01b4f98d] - page.customHeaders:  - {}
[INFO  - 2016-12-09T07:24:46.972Z] Session [901f4070-bde0-11e6-8315-991f01b4f98d] - Session.negotiatedCapabilities - {"browserName":"phantomjs","version":"2.1.1","driverName":"ghostdriver","driverVersion":"1.2.0","platform":"windows-7-32bit","javascriptEnabled":true,"takesScreenshot":true,"handlesAlerts":false,"databaseEnabled":false,"locationContextEnabled":false,"applicationCacheEnabled":false,"browserConnectionEnabled":false,"cssSelectorsEnabled":true,"webStorageEnabled":false,"rotatable":false,"acceptSslCerts":false,"nativeEvents":true,"proxy":{"proxyType":"direct"}}
[INFO  - 2016-12-09T07:24:46.972Z] SessionManagerReqHand - _postNewSessionCommand - New Session Created: 901f4070-bde0-11e6-8315-991f01b4f98d
[ERROR - 2016-12-09T07:24:57.167Z] WebElementLocator - _handleLocateCommand - Element(s) NOT Found: GAVE UP. Search Stop Time: 1481268297148
[INFO  - 2016-12-09T07:29:46.295Z] SessionManagerReqHand - _cleanupWindowlessSessions - Asynchronous Sessions clean-up phase starting NOW
[INFO  - 2016-12-09T07:29:46.295Z] SessionManagerReqHand - _cleanupWindowlessSessions - Deleted Session '901f4070-bde0-11e6-8315-991f01b4f98d', because windowless
Images":true,"localToRemoteUrlAccessEnabled":false,"userAgent":"Mozilla/5.0 (Windows NT 6.1; WOW64) AppleWebKit/538.1 (KHTML, like Gecko) PhantomJS/2.1.1 Safari/538.1","webSecurityEnabled":true}
[INFO  - 2016-12-09T07:26:11.765Z] Session [c2a9ca10-bde0-11e6-8986-f522d9047393] - page.customHeaders:  - {}
[INFO  - 2016-12-09T07:26:11.765Z] Session [c2a9ca10-bde0-11e6-8986-f522d9047393] - Session.negotiatedCapabilities - {"browserName":"phantomjs","version":"2.1.1","driverName":"ghostdriver","driverVersion":"1.2.0","platform":"windows-7-32bit","javascriptEnabled":true,"takesScreenshot":true,"handlesAlerts":false,"databaseEnabled":false,"locationContextEnabled":false,"applicationCacheEnabled":false,"browserConnectionEnabled":false,"cssSelectorsEnabled":true,"webStorageEnabled":false,"rotatable":false,"acceptSslCerts":false,"nativeEvents":true,"proxy":{"proxyType":"direct"}}
[INFO  - 2016-12-09T07:26:11.766Z] SessionManagerReqHand - _postNewSessionCommand - New Session Created: c2a9ca10-bde0-11e6-8986-f522d9047393
[ERROR - 2016-12-09T07:26:22.017Z] WebElementLocator - _handleLocateCommand - Element(s) NOT Found: GAVE UP. Search Stop Time: 1481268381994
[INFO  - 2016-12-09T07:31:11.133Z] SessionManagerReqHand - _cleanupWindowlessSessions - Asynchronous Sessions clean-up phase starting NOW
[INFO  - 2016-12-09T07:31:11.133Z] SessionManagerReqHand - _cleanupWindowlessSessions - Deleted Session 'c2a9ca10-bde0-11e6-8986-f522d9047393', because windowless
Images":true,"localToRemoteUrlAccessEnabled":false,"userAgent":"Mozilla/5.0 (Windows NT 6.1; WOW64) AppleWebKit/538.1 (KHTML, like Gecko) PhantomJS/2.1.1 Safari/538.1","webSecurityEnabled":true}
[INFO  - 2016-12-09T07:27:55.412Z] Session [0070e9f0-bde1-11e6-b457-ab43e99b4f36] - page.customHeaders:  - {}
[INFO  - 2016-12-09T07:27:55.412Z] Session [0070e9f0-bde1-11e6-b457-ab43e99b4f36] - Session.negotiatedCapabilities - {"browserName":"phantomjs","version":"2.1.1","driverName":"ghostdriver","driverVersion":"1.2.0","platform":"windows-7-32bit","javascriptEnabled":true,"takesScreenshot":true,"handlesAlerts":false,"databaseEnabled":false,"locationContextEnabled":false,"applicationCacheEnabled":false,"browserConnectionEnabled":false,"cssSelectorsEnabled":true,"webStorageEnabled":false,"rotatable":false,"acceptSslCerts":false,"nativeEvents":true,"proxy":{"proxyType":"direct"}}
[INFO  - 2016-12-09T07:27:55.412Z] SessionManagerReqHand - _postNewSessionCommand - New Session Created: 0070e9f0-bde1-11e6-b457-ab43e99b4f36
[ERROR - 2016-12-09T07:28:05.610Z] WebElementLocator - _handleLocateCommand - Element(s) NOT Found: GAVE UP. Search Stop Time: 1481268485597
[INFO  - 2016-12-09T07:32:54.726Z] SessionManagerReqHand - _cleanupWindowlessSessions - Asynchronous Sessions clean-up phase starting NOW
[INFO  - 2016-12-09T07:32:54.726Z] SessionManagerReqHand - _cleanupWindowlessSessions - Deleted Session '0070e9f0-bde1-11e6-b457-ab43e99b4f36', because windowless
[INFO  - 2016-12-09T07:37:36.786Z] GhostDriver - Main - running on port 37895
[INFO  - 2016-12-09T07:37:37.418Z] Session [5b582260-bde2-11e6-8c2d-f91018190f8f] - page.settings - {"XSSAuditingEnabled":false,"javascriptCanCloseWindows":true,"javascriptCanOpenWindows":true,"javascriptEnabled":true,"loadImages":true,"localToRemoteUrlAccessEnabled":false,"userAgent":"Mozilla/5.0 (Windows NT 6.1; WOW64) AppleWebKit/538.1 (KHTML, like Gecko) PhantomJS/2.1.1 Safari/538.1","webSecurityEnabled":true}
[INFO  - 2016-12-09T07:37:37.418Z] Session [5b582260-bde2-11e6-8c2d-f91018190f8f] - page.customHeaders:  - {}
[INFO  - 2016-12-09T07:37:37.419Z] Session [5b582260-bde2-11e6-8c2d-f91018190f8f] - Session.negotiatedCapabilities - {"browserName":"phantomjs","version":"2.1.1","driverName":"ghostdriver","driverVersion":"1.2.0","platform":"windows-7-32bit","javascriptEnabled":true,"takesScreenshot":true,"handlesAlerts":false,"databaseEnabled":false,"locationContextEnabled":false,"applicationCacheEnabled":false,"browserConnectionEnabled":false,"cssSelectorsEnabled":true,"webStorageEnabled":false,"rotatable":false,"acceptSslCerts":false,"nativeEvents":true,"proxy":{"proxyType":"direct"}}
[INFO  - 2016-12-09T07:37:37.419Z] SessionManagerReqHand - _postNewSessionCommand - New Session Created: 5b582260-bde2-11e6-8c2d-f91018190f8f
[ERROR - 2016-12-09T07:37:47.642Z] WebElementLocator - _handleLocateCommand - Element(s) NOT Found: GAVE UP. Search Stop Time: 1481269067603
[INFO  - 2016-12-09T07:42:36.795Z] SessionManagerReqHand - _cleanupWindowlessSessions - Asynchronous Sessions clean-up phase starting NOW
[INFO  - 2016-12-09T07:42:36.795Z] SessionManagerReqHand - _cleanupWindowlessSessions - Deleted Session '5b582260-bde2-11e6-8c2d-f91018190f8f', because windowless
Images":true,"localToRemoteUrlAccessEnabled":false,"userAgent":"Mozilla/5.0 (Windows NT 6.1; WOW64) AppleWebKit/538.1 (KHTML, like Gecko) PhantomJS/2.1.1 Safari/538.1","webSecurityEnabled":true}
[INFO  - 2016-12-09T07:38:53.329Z] Session [88973bd0-bde2-11e6-8060-33353f56f201] - page.customHeaders:  - {}
[INFO  - 2016-12-09T07:38:53.329Z] Session [88973bd0-bde2-11e6-8060-33353f56f201] - Session.negotiatedCapabilities - {"browserName":"phantomjs","version":"2.1.1","driverName":"ghostdriver","driverVersion":"1.2.0","platform":"windows-7-32bit","javascriptEnabled":true,"takesScreenshot":true,"handlesAlerts":false,"databaseEnabled":false,"locationContextEnabled":false,"applicationCacheEnabled":false,"browserConnectionEnabled":false,"cssSelectorsEnabled":true,"webStorageEnabled":false,"rotatable":false,"acceptSslCerts":false,"nativeEvents":true,"proxy":{"proxyType":"direct"}}
[INFO  - 2016-12-09T07:38:53.329Z] SessionManagerReqHand - _postNewSessionCommand - New Session Created: 88973bd0-bde2-11e6-8060-33353f56f201
[ERROR - 2016-12-09T07:39:03.555Z] WebElementLocator - _handleLocateCommand - Element(s) NOT Found: GAVE UP. Search Stop Time: 1481269143515
[INFO  - 2016-12-09T07:43:52.651Z] SessionManagerReqHand - _cleanupWindowlessSessions - Asynchronous Sessions clean-up phase starting NOW
[INFO  - 2016-12-09T07:43:52.652Z] SessionManagerReqHand - _cleanupWindowlessSessions - Deleted Session '88973bd0-bde2-11e6-8060-33353f56f201', because windowless
Images":true,"localToRemoteUrlAccessEnabled":false,"userAgent":"Mozilla/5.0 (Windows NT 6.1; WOW64) AppleWebKit/538.1 (KHTML, like Gecko) PhantomJS/2.1.1 Safari/538.1","webSecurityEnabled":true}
[INFO  - 2016-12-09T07:41:11.403Z] Session [dae38060-bde2-11e6-a411-23aa77f80958] - page.customHeaders:  - {}
[INFO  - 2016-12-09T07:41:11.403Z] Session [dae38060-bde2-11e6-a411-23aa77f80958] - Session.negotiatedCapabilities - {"browserName":"phantomjs","version":"2.1.1","driverName":"ghostdriver","driverVersion":"1.2.0","platform":"windows-7-32bit","javascriptEnabled":true,"takesScreenshot":true,"handlesAlerts":false,"databaseEnabled":false,"locationContextEnabled":false,"applicationCacheEnabled":false,"browserConnectionEnabled":false,"cssSelectorsEnabled":true,"webStorageEnabled":false,"rotatable":false,"acceptSslCerts":false,"nativeEvents":true,"proxy":{"proxyType":"direct"}}
[INFO  - 2016-12-09T07:41:11.403Z] SessionManagerReqHand - _postNewSessionCommand - New Session Created: dae38060-bde2-11e6-a411-23aa77f80958
[ERROR - 2016-12-09T07:41:21.636Z] WebElementLocator - _handleLocateCommand - Element(s) NOT Found: GAVE UP. Search Stop Time: 1481269281587
[INFO  - 2016-12-09T07:46:10.800Z] SessionManagerReqHand - _cleanupWindowlessSessions - Asynchronous Sessions clean-up phase starting NOW
[INFO  - 2016-12-09T07:46:10.800Z] SessionManagerReqHand - _cleanupWindowlessSessions - Deleted Session 'dae38060-bde2-11e6-a411-23aa77f80958', because windowless
mages":true,"localToRemoteUrlAccessEnabled":false,"userAgent":"Mozilla/5.0 (Windows NT 6.1; WOW64) AppleWebKit/538.1 (KHTML, like Gecko) PhantomJS/2.1.1 Safari/538.1","webSecurityEnabled":true}
[INFO  - 2016-12-09T07:41:55.049Z] Session [f4e75a40-bde2-11e6-bfb6-6f8b4f4c7b95] - page.customHeaders:  - {}
[INFO  - 2016-12-09T07:41:55.049Z] Session [f4e75a40-bde2-11e6-bfb6-6f8b4f4c7b95] - Session.negotiatedCapabilities - {"browserName":"phantomjs","version":"2.1.1","driverName":"ghostdriver","driverVersion":"1.2.0","platform":"windows-7-32bit","javascriptEnabled":true,"takesScreenshot":true,"handlesAlerts":false,"databaseEnabled":false,"locationContextEnabled":false,"applicationCacheEnabled":false,"browserConnectionEnabled":false,"cssSelectorsEnabled":true,"webStorageEnabled":false,"rotatable":false,"acceptSslCerts":false,"nativeEvents":true,"proxy":{"proxyType":"direct"}}
[INFO  - 2016-12-09T07:41:55.049Z] SessionManagerReqHand - _postNewSessionCommand - New Session Created: f4e75a40-bde2-11e6-bfb6-6f8b4f4c7b95
[ERROR - 2016-12-09T07:42:15.271Z] WebElementLocator - _handleLocateCommand - Element(s) NOT Found: GAVE UP. Search Stop Time: 1481269335222
[INFO  - 2016-12-09T07:46:54.429Z] SessionManagerReqHand - _cleanupWindowlessSessions - Asynchronous Sessions clean-up phase starting NOW
[INFO  - 2016-12-09T07:46:54.429Z] SessionManagerReqHand - _cleanupWindowlessSessions - Deleted Session 'f4e75a40-bde2-11e6-bfb6-6f8b4f4c7b95', because windowless
[INFO  - 2016-12-09T08:04:20.213Z] GhostDriver - Main - running on port 23689
[INFO  - 2016-12-09T08:04:20.787Z] Session [1706ace0-bde6-11e6-87ee-15fef668c4ab] - page.settings - {"XSSAuditingEnabled":false,"javascriptCanCloseWindows":true,"javascriptCanOpenWindows":true,"javascriptEnabled":true,"loadImages":true,"localToRemoteUrlAccessEnabled":false,"userAgent":"Mozilla/5.0 (Windows NT 6.1; WOW64) AppleWebKit/538.1 (KHTML, like Gecko) PhantomJS/2.1.1 Safari/538.1","webSecurityEnabled":true}
[INFO  - 2016-12-09T08:04:20.787Z] Session [1706ace0-bde6-11e6-87ee-15fef668c4ab] - page.customHeaders:  - {}
[INFO  - 2016-12-09T08:04:20.787Z] Session [1706ace0-bde6-11e6-87ee-15fef668c4ab] - Session.negotiatedCapabilities - {"browserName":"phantomjs","version":"2.1.1","driverName":"ghostdriver","driverVersion":"1.2.0","platform":"windows-7-32bit","javascriptEnabled":true,"takesScreenshot":true,"handlesAlerts":false,"databaseEnabled":false,"locationContextEnabled":false,"applicationCacheEnabled":false,"browserConnectionEnabled":false,"cssSelectorsEnabled":true,"webStorageEnabled":false,"rotatable":false,"acceptSslCerts":false,"nativeEvents":true,"proxy":{"proxyType":"direct"}}
[INFO  - 2016-12-09T08:04:20.787Z] SessionManagerReqHand - _postNewSessionCommand - New Session Created: 1706ace0-bde6-11e6-87ee-15fef668c4ab
[ERROR - 2016-12-09T08:04:30.987Z] WebElementLocator - _handleLocateCommand - Element(s) NOT Found: GAVE UP. Search Stop Time: 1481270670971
[INFO  - 2016-12-09T08:09:20.210Z] SessionManagerReqHand - _cleanupWindowlessSessions - Asynchronous Sessions clean-up phase starting NOW
[INFO  - 2016-12-09T08:09:20.210Z] SessionManagerReqHand - _cleanupWindowlessSessions - Deleted Session '1706ace0-bde6-11e6-87ee-15fef668c4ab', because windowless
[INFO  - 2016-12-09T08:17:47.137Z] GhostDriver - Main - running on port 36582
[INFO  - 2016-12-09T08:17:47.803Z] Session [f80bb270-bde7-11e6-860c-df6346b6c82e] - page.settings - {"XSSAuditingEnabled":false,"javascriptCanCloseWindows":true,"javascriptCanOpenWindows":true,"javascriptEnabled":true,"loadImages":true,"localToRemoteUrlAccessEnabled":false,"userAgent":"Mozilla/5.0 (Windows NT 6.1; WOW64) AppleWebKit/538.1 (KHTML, like Gecko) PhantomJS/2.1.1 Safari/538.1","webSecurityEnabled":true}
[INFO  - 2016-12-09T08:17:47.803Z] Session [f80bb270-bde7-11e6-860c-df6346b6c82e] - page.customHeaders:  - {}
[INFO  - 2016-12-09T08:17:47.804Z] Session [f80bb270-bde7-11e6-860c-df6346b6c82e] - Session.negotiatedCapabilities - {"browserName":"phantomjs","version":"2.1.1","driverName":"ghostdriver","driverVersion":"1.2.0","platform":"windows-7-32bit","javascriptEnabled":true,"takesScreenshot":true,"handlesAlerts":false,"databaseEnabled":false,"locationContextEnabled":false,"applicationCacheEnabled":false,"browserConnectionEnabled":false,"cssSelectorsEnabled":true,"webStorageEnabled":false,"rotatable":false,"acceptSslCerts":false,"nativeEvents":true,"proxy":{"proxyType":"direct"}}
[INFO  - 2016-12-09T08:17:47.804Z] SessionManagerReqHand - _postNewSessionCommand - New Session Created: f80bb270-bde7-11e6-860c-df6346b6c82e
[ERROR - 2016-12-09T08:17:58.024Z] WebElementLocator - _handleLocateCommand - Element(s) NOT Found: GAVE UP. Search Stop Time: 1481271477983
[INFO  - 2016-12-09T08:22:47.148Z] SessionManagerReqHand - _cleanupWindowlessSessions - Asynchronous Sessions clean-up phase starting NOW
[INFO  - 2016-12-09T08:22:47.148Z] SessionManagerReqHand - _cleanupWindowlessSessions - Deleted Session 'f80bb270-bde7-11e6-860c-df6346b6c82e', because windowless
Images":true,"localToRemoteUrlAccessEnabled":false,"userAgent":"Mozilla/5.0 (Windows NT 6.1; WOW64) AppleWebKit/538.1 (KHTML, like Gecko) PhantomJS/2.1.1 Safari/538.1","webSecurityEnabled":true}
[INFO  - 2016-12-09T08:18:20.086Z] Session [0b498a10-bde8-11e6-b4e7-f17a187df7ba] - page.customHeaders:  - {}
[INFO  - 2016-12-09T08:18:20.086Z] Session [0b498a10-bde8-11e6-b4e7-f17a187df7ba] - Session.negotiatedCapabilities - {"browserName":"phantomjs","version":"2.1.1","driverName":"ghostdriver","driverVersion":"1.2.0","platform":"windows-7-32bit","javascriptEnabled":true,"takesScreenshot":true,"handlesAlerts":false,"databaseEnabled":false,"locationContextEnabled":false,"applicationCacheEnabled":false,"browserConnectionEnabled":false,"cssSelectorsEnabled":true,"webStorageEnabled":false,"rotatable":false,"acceptSslCerts":false,"nativeEvents":true,"proxy":{"proxyType":"direct"}}
[INFO  - 2016-12-09T08:18:20.086Z] SessionManagerReqHand - _postNewSessionCommand - New Session Created: 0b498a10-bde8-11e6-b4e7-f17a187df7ba
[ERROR - 2016-12-09T08:18:30.271Z] WebElementLocator - _handleLocateCommand - Element(s) NOT Found: GAVE UP. Search Stop Time: 1481271510256
[INFO  - 2016-12-09T08:23:19.399Z] SessionManagerReqHand - _cleanupWindowlessSessions - Asynchronous Sessions clean-up phase starting NOW
[INFO  - 2016-12-09T08:23:19.399Z] SessionManagerReqHand - _cleanupWindowlessSessions - Deleted Session '0b498a10-bde8-11e6-b4e7-f17a187df7ba', because windowless
Images":true,"localToRemoteUrlAccessEnabled":false,"userAgent":"Mozilla/5.0 (Windows NT 6.1; WOW64) AppleWebKit/538.1 (KHTML, like Gecko) PhantomJS/2.1.1 Safari/538.1","webSecurityEnabled":true}
[INFO  - 2016-12-09T08:21:49.601Z] Session [882b24d0-bde8-11e6-95fe-fb10ba3d8b3f] - page.customHeaders:  - {}
[INFO  - 2016-12-09T08:21:49.601Z] Session [882b24d0-bde8-11e6-95fe-fb10ba3d8b3f] - Session.negotiatedCapabilities - {"browserName":"phantomjs","version":"2.1.1","driverName":"ghostdriver","driverVersion":"1.2.0","platform":"windows-7-32bit","javascriptEnabled":true,"takesScreenshot":true,"handlesAlerts":false,"databaseEnabled":false,"locationContextEnabled":false,"applicationCacheEnabled":false,"browserConnectionEnabled":false,"cssSelectorsEnabled":true,"webStorageEnabled":false,"rotatable":false,"acceptSslCerts":false,"nativeEvents":true,"proxy":{"proxyType":"direct"}}
[INFO  - 2016-12-09T08:21:49.602Z] SessionManagerReqHand - _postNewSessionCommand - New Session Created: 882b24d0-bde8-11e6-95fe-fb10ba3d8b3f
[ERROR - 2016-12-09T08:21:59.820Z] WebElementLocator - _handleLocateCommand - Element(s) NOT Found: GAVE UP. Search Stop Time: 1481271719780
[INFO  - 2016-12-09T08:26:49.338Z] SessionManagerReqHand - _cleanupWindowlessSessions - Asynchronous Sessions clean-up phase starting NOW
[INFO  - 2016-12-09T08:26:49.338Z] SessionManagerReqHand - _cleanupWindowlessSessions - Deleted Session '882b24d0-bde8-11e6-95fe-fb10ba3d8b3f', because windowless
mages":true,"localToRemoteUrlAccessEnabled":false,"userAgent":"Mozilla/5.0 (Windows NT 6.1; WOW64) AppleWebKit/538.1 (KHTML, like Gecko) PhantomJS/2.1.1 Safari/538.1","webSecurityEnabled":true}
[INFO  - 2016-12-09T08:23:12.765Z] Session [b9bccf80-bde8-11e6-bbce-9b8eedf9036a] - page.customHeaders:  - {}
[INFO  - 2016-12-09T08:23:12.765Z] Session [b9bccf80-bde8-11e6-bbce-9b8eedf9036a] - Session.negotiatedCapabilities - {"browserName":"phantomjs","version":"2.1.1","driverName":"ghostdriver","driverVersion":"1.2.0","platform":"windows-7-32bit","javascriptEnabled":true,"takesScreenshot":true,"handlesAlerts":false,"databaseEnabled":false,"locationContextEnabled":false,"applicationCacheEnabled":false,"browserConnectionEnabled":false,"cssSelectorsEnabled":true,"webStorageEnabled":false,"rotatable":false,"acceptSslCerts":false,"nativeEvents":true,"proxy":{"proxyType":"direct"}}
[INFO  - 2016-12-09T08:23:12.765Z] SessionManagerReqHand - _postNewSessionCommand - New Session Created: b9bccf80-bde8-11e6-bbce-9b8eedf9036a
[ERROR - 2016-12-09T08:23:22.955Z] WebElementLocator - _handleLocateCommand - Element(s) NOT Found: GAVE UP. Search Stop Time: 1481271802918
[INFO  - 2016-12-09T08:28:12.504Z] SessionManagerReqHand - _cleanupWindowlessSessions - Asynchronous Sessions clean-up phase starting NOW
[INFO  - 2016-12-09T08:28:12.505Z] SessionManagerReqHand - _cleanupWindowlessSessions - Deleted Session 'b9bccf80-bde8-11e6-bbce-9b8eedf9036a', because windowless
Images":true,"localToRemoteUrlAccessEnabled":false,"userAgent":"Mozilla/5.0 (Windows NT 6.1; WOW64) AppleWebKit/538.1 (KHTML, like Gecko) PhantomJS/2.1.1 Safari/538.1","webSecurityEnabled":true}
[INFO  - 2016-12-09T08:24:53.077Z] Session [f5875c10-bde8-11e6-b552-219ec7fe7ac8] - page.customHeaders:  - {}
[INFO  - 2016-12-09T08:24:53.077Z] Session [f5875c10-bde8-11e6-b552-219ec7fe7ac8] - Session.negotiatedCapabilities - {"browserName":"phantomjs","version":"2.1.1","driverName":"ghostdriver","driverVersion":"1.2.0","platform":"windows-7-32bit","javascriptEnabled":true,"takesScreenshot":true,"handlesAlerts":false,"databaseEnabled":false,"locationContextEnabled":false,"applicationCacheEnabled":false,"browserConnectionEnabled":false,"cssSelectorsEnabled":true,"webStorageEnabled":false,"rotatable":false,"acceptSslCerts":false,"nativeEvents":true,"proxy":{"proxyType":"direct"}}
[INFO  - 2016-12-09T08:24:53.078Z] SessionManagerReqHand - _postNewSessionCommand - New Session Created: f5875c10-bde8-11e6-b552-219ec7fe7ac8
[ERROR - 2016-12-09T08:25:03.269Z] WebElementLocator - _handleLocateCommand - Element(s) NOT Found: GAVE UP. Search Stop Time: 1481271903232
[INFO  - 2016-12-09T08:29:52.821Z] SessionManagerReqHand - _cleanupWindowlessSessions - Asynchronous Sessions clean-up phase starting NOW
[INFO  - 2016-12-09T08:29:52.822Z] SessionManagerReqHand - _cleanupWindowlessSessions - Deleted Session 'f5875c10-bde8-11e6-b552-219ec7fe7ac8', because windowless
mages":true,"localToRemoteUrlAccessEnabled":false,"userAgent":"Mozilla/5.0 (Windows NT 6.1; WOW64) AppleWebKit/538.1 (KHTML, like Gecko) PhantomJS/2.1.1 Safari/538.1","webSecurityEnabled":true}
[INFO  - 2016-12-09T08:26:02.373Z] Session [1ed51710-bde9-11e6-8d23-0b2de3aaf68f] - page.customHeaders:  - {}
[INFO  - 2016-12-09T08:26:02.373Z] Session [1ed51710-bde9-11e6-8d23-0b2de3aaf68f] - Session.negotiatedCapabilities - {"browserName":"phantomjs","version":"2.1.1","driverName":"ghostdriver","driverVersion":"1.2.0","platform":"windows-7-32bit","javascriptEnabled":true,"takesScreenshot":true,"handlesAlerts":false,"databaseEnabled":false,"locationContextEnabled":false,"applicationCacheEnabled":false,"browserConnectionEnabled":false,"cssSelectorsEnabled":true,"webStorageEnabled":false,"rotatable":false,"acceptSslCerts":false,"nativeEvents":true,"proxy":{"proxyType":"direct"}}
[INFO  - 2016-12-09T08:26:02.373Z] SessionManagerReqHand - _postNewSessionCommand - New Session Created: 1ed51710-bde9-11e6-8d23-0b2de3aaf68f
[ERROR - 2016-12-09T08:26:12.537Z] WebElementLocator - _handleLocateCommand - Element(s) NOT Found: GAVE UP. Search Stop Time: 1481271972525
[INFO  - 2016-12-09T08:31:02.088Z] SessionManagerReqHand - _cleanupWindowlessSessions - Asynchronous Sessions clean-up phase starting NOW
[INFO  - 2016-12-09T08:31:02.088Z] SessionManagerReqHand - _cleanupWindowlessSessions - Deleted Session '1ed51710-bde9-11e6-8d23-0b2de3aaf68f', because windowless
[INFO  - 2016-12-09T08:32:29.833Z] GhostDriver - Main - running on port 29772
[INFO  - 2016-12-09T08:32:30.519Z] Session [062f5120-bdea-11e6-a15e-d54b6581167d] - page.settings - {"XSSAuditingEnabled":false,"javascriptCanCloseWindows":true,"javascriptCanOpenWindows":true,"javascriptEnabled":true,"loadImages":true,"localToRemoteUrlAccessEnabled":false,"userAgent":"Mozilla/5.0 (Windows NT 6.1; WOW64) AppleWebKit/538.1 (KHTML, like Gecko) PhantomJS/2.1.1 Safari/538.1","webSecurityEnabled":true}
[INFO  - 2016-12-09T08:32:30.519Z] Session [062f5120-bdea-11e6-a15e-d54b6581167d] - page.customHeaders:  - {}
[INFO  - 2016-12-09T08:32:30.519Z] Session [062f5120-bdea-11e6-a15e-d54b6581167d] - Session.negotiatedCapabilities - {"browserName":"phantomjs","version":"2.1.1","driverName":"ghostdriver","driverVersion":"1.2.0","platform":"windows-7-32bit","javascriptEnabled":true,"takesScreenshot":true,"handlesAlerts":false,"databaseEnabled":false,"locationContextEnabled":false,"applicationCacheEnabled":false,"browserConnectionEnabled":false,"cssSelectorsEnabled":true,"webStorageEnabled":false,"rotatable":false,"acceptSslCerts":false,"nativeEvents":true,"proxy":{"proxyType":"direct"}}
[INFO  - 2016-12-09T08:32:30.519Z] SessionManagerReqHand - _postNewSessionCommand - New Session Created: 062f5120-bdea-11e6-a15e-d54b6581167d
[ERROR - 2016-12-09T08:32:40.684Z] WebElementLocator - _handleLocateCommand - Element(s) NOT Found: GAVE UP. Search Stop Time: 1481272360663
[INFO  - 2016-12-09T08:37:29.843Z] SessionManagerReqHand - _cleanupWindowlessSessions - Asynchronous Sessions clean-up phase starting NOW
[INFO  - 2016-12-09T08:37:29.843Z] SessionManagerReqHand - _cleanupWindowlessSessions - Deleted Session '062f5120-bdea-11e6-a15e-d54b6581167d', because windowless
Images":true,"localToRemoteUrlAccessEnabled":false,"userAgent":"Mozilla/5.0 (Windows NT 6.1; WOW64) AppleWebKit/538.1 (KHTML, like Gecko) PhantomJS/2.1.1 Safari/538.1","webSecurityEnabled":true}
[INFO  - 2016-12-09T08:33:06.930Z] Session [1be358e0-bdea-11e6-9d5f-4d491bda79a4] - page.customHeaders:  - {}
[INFO  - 2016-12-09T08:33:06.930Z] Session [1be358e0-bdea-11e6-9d5f-4d491bda79a4] - Session.negotiatedCapabilities - {"browserName":"phantomjs","version":"2.1.1","driverName":"ghostdriver","driverVersion":"1.2.0","platform":"windows-7-32bit","javascriptEnabled":true,"takesScreenshot":true,"handlesAlerts":false,"databaseEnabled":false,"locationContextEnabled":false,"applicationCacheEnabled":false,"browserConnectionEnabled":false,"cssSelectorsEnabled":true,"webStorageEnabled":false,"rotatable":false,"acceptSslCerts":false,"nativeEvents":true,"proxy":{"proxyType":"direct"}}
[INFO  - 2016-12-09T08:33:06.930Z] SessionManagerReqHand - _postNewSessionCommand - New Session Created: 1be358e0-bdea-11e6-9d5f-4d491bda79a4
[ERROR - 2016-12-09T08:33:17.096Z] WebElementLocator - _handleLocateCommand - Element(s) NOT Found: GAVE UP. Search Stop Time: 1481272397084
[INFO  - 2016-12-09T08:38:06.238Z] SessionManagerReqHand - _cleanupWindowlessSessions - Asynchronous Sessions clean-up phase starting NOW
[INFO  - 2016-12-09T08:38:06.239Z] SessionManagerReqHand - _cleanupWindowlessSessions - Deleted Session '1be358e0-bdea-11e6-9d5f-4d491bda79a4', because windowless
mages":true,"localToRemoteUrlAccessEnabled":false,"userAgent":"Mozilla/5.0 (Windows NT 6.1; WOW64) AppleWebKit/538.1 (KHTML, like Gecko) PhantomJS/2.1.1 Safari/538.1","webSecurityEnabled":true}
[INFO  - 2016-12-09T08:33:37.062Z] Session [2dd8f910-bdea-11e6-8f98-3d2261c1419b] - page.customHeaders:  - {}
[INFO  - 2016-12-09T08:33:37.062Z] Session [2dd8f910-bdea-11e6-8f98-3d2261c1419b] - Session.negotiatedCapabilities - {"browserName":"phantomjs","version":"2.1.1","driverName":"ghostdriver","driverVersion":"1.2.0","platform":"windows-7-32bit","javascriptEnabled":true,"takesScreenshot":true,"handlesAlerts":false,"databaseEnabled":false,"locationContextEnabled":false,"applicationCacheEnabled":false,"browserConnectionEnabled":false,"cssSelectorsEnabled":true,"webStorageEnabled":false,"rotatable":false,"acceptSslCerts":false,"nativeEvents":true,"proxy":{"proxyType":"direct"}}
[INFO  - 2016-12-09T08:33:37.062Z] SessionManagerReqHand - _postNewSessionCommand - New Session Created: 2dd8f910-bdea-11e6-8f98-3d2261c1419b
[ERROR - 2016-12-09T08:33:47.221Z] WebElementLocator - _handleLocateCommand - Element(s) NOT Found: GAVE UP. Search Stop Time: 1481272427209
[INFO  - 2016-12-09T08:38:36.363Z] SessionManagerReqHand - _cleanupWindowlessSessions - Asynchronous Sessions clean-up phase starting NOW
[INFO  - 2016-12-09T08:38:36.363Z] SessionManagerReqHand - _cleanupWindowlessSessions - Deleted Session '2dd8f910-bdea-11e6-8f98-3d2261c1419b', because windowless
Images":true,"localToRemoteUrlAccessEnabled":false,"userAgent":"Mozilla/5.0 (Windows NT 6.1; WOW64) AppleWebKit/538.1 (KHTML, like Gecko) PhantomJS/2.1.1 Safari/538.1","webSecurityEnabled":true}
[INFO  - 2016-12-09T08:34:57.506Z] Session [5dcbc0d0-bdea-11e6-b9e5-61c7c928a2b9] - page.customHeaders:  - {}
[INFO  - 2016-12-09T08:34:57.506Z] Session [5dcbc0d0-bdea-11e6-b9e5-61c7c928a2b9] - Session.negotiatedCapabilities - {"browserName":"phantomjs","version":"2.1.1","driverName":"ghostdriver","driverVersion":"1.2.0","platform":"windows-7-32bit","javascriptEnabled":true,"takesScreenshot":true,"handlesAlerts":false,"databaseEnabled":false,"locationContextEnabled":false,"applicationCacheEnabled":false,"browserConnectionEnabled":false,"cssSelectorsEnabled":true,"webStorageEnabled":false,"rotatable":false,"acceptSslCerts":false,"nativeEvents":true,"proxy":{"proxyType":"direct"}}
[INFO  - 2016-12-09T08:34:57.506Z] SessionManagerReqHand - _postNewSessionCommand - New Session Created: 5dcbc0d0-bdea-11e6-b9e5-61c7c928a2b9
[ERROR - 2016-12-09T08:35:07.672Z] WebElementLocator - _handleLocateCommand - Element(s) NOT Found: GAVE UP. Search Stop Time: 1481272507658
[INFO  - 2016-12-09T08:39:56.867Z] SessionManagerReqHand - _cleanupWindowlessSessions - Asynchronous Sessions clean-up phase starting NOW
[INFO  - 2016-12-09T08:39:56.867Z] SessionManagerReqHand - _cleanupWindowlessSessions - Deleted Session '5dcbc0d0-bdea-11e6-b9e5-61c7c928a2b9', because windowless
[INFO  - 2016-12-09T08:43:08.204Z] GhostDriver - Main - running on port 31816
[INFO  - 2016-12-09T08:43:08.880Z] Session [82ad79b0-bdeb-11e6-99bb-7970f001695b] - page.settings - {"XSSAuditingEnabled":false,"javascriptCanCloseWindows":true,"javascriptCanOpenWindows":true,"javascriptEnabled":true,"loadImages":true,"localToRemoteUrlAccessEnabled":false,"userAgent":"Mozilla/5.0 (Windows NT 6.1; WOW64) AppleWebKit/538.1 (KHTML, like Gecko) PhantomJS/2.1.1 Safari/538.1","webSecurityEnabled":true}
[INFO  - 2016-12-09T08:43:08.880Z] Session [82ad79b0-bdeb-11e6-99bb-7970f001695b] - page.customHeaders:  - {}
[INFO  - 2016-12-09T08:43:08.880Z] Session [82ad79b0-bdeb-11e6-99bb-7970f001695b] - Session.negotiatedCapabilities - {"browserName":"phantomjs","version":"2.1.1","driverName":"ghostdriver","driverVersion":"1.2.0","platform":"windows-7-32bit","javascriptEnabled":true,"takesScreenshot":true,"handlesAlerts":false,"databaseEnabled":false,"locationContextEnabled":false,"applicationCacheEnabled":false,"browserConnectionEnabled":false,"cssSelectorsEnabled":true,"webStorageEnabled":false,"rotatable":false,"acceptSslCerts":false,"nativeEvents":true,"proxy":{"proxyType":"direct"}}
[INFO  - 2016-12-09T08:43:08.880Z] SessionManagerReqHand - _postNewSessionCommand - New Session Created: 82ad79b0-bdeb-11e6-99bb-7970f001695b
[ERROR - 2016-12-09T08:43:19.070Z] WebElementLocator - _handleLocateCommand - Element(s) NOT Found: GAVE UP. Search Stop Time: 1481272999021
[INFO  - 2016-12-09T08:48:08.210Z] SessionManagerReqHand - _cleanupWindowlessSessions - Asynchronous Sessions clean-up phase starting NOW
[INFO  - 2016-12-09T08:48:08.211Z] SessionManagerReqHand - _cleanupWindowlessSessions - Deleted Session '82ad79b0-bdeb-11e6-99bb-7970f001695b', because windowless
Images":true,"localToRemoteUrlAccessEnabled":false,"userAgent":"Mozilla/5.0 (Windows NT 6.1; WOW64) AppleWebKit/538.1 (KHTML, like Gecko) PhantomJS/2.1.1 Safari/538.1","webSecurityEnabled":true}
[INFO  - 2016-12-09T08:44:48.299Z] Session [bdef9c60-bdeb-11e6-b15a-5d07ad0dbd72] - page.customHeaders:  - {}
[INFO  - 2016-12-09T08:44:48.299Z] Session [bdef9c60-bdeb-11e6-b15a-5d07ad0dbd72] - Session.negotiatedCapabilities - {"browserName":"phantomjs","version":"2.1.1","driverName":"ghostdriver","driverVersion":"1.2.0","platform":"windows-7-32bit","javascriptEnabled":true,"takesScreenshot":true,"handlesAlerts":false,"databaseEnabled":false,"locationContextEnabled":false,"applicationCacheEnabled":false,"browserConnectionEnabled":false,"cssSelectorsEnabled":true,"webStorageEnabled":false,"rotatable":false,"acceptSslCerts":false,"nativeEvents":true,"proxy":{"proxyType":"direct"}}
[INFO  - 2016-12-09T08:44:48.299Z] SessionManagerReqHand - _postNewSessionCommand - New Session Created: bdef9c60-bdeb-11e6-b15a-5d07ad0dbd72
[ERROR - 2016-12-09T08:44:58.493Z] WebElementLocator - _handleLocateCommand - Element(s) NOT Found: GAVE UP. Search Stop Time: 1481273098441
[INFO  - 2016-12-09T08:49:47.587Z] SessionManagerReqHand - _cleanupWindowlessSessions - Asynchronous Sessions clean-up phase starting NOW
[INFO  - 2016-12-09T08:49:47.587Z] SessionManagerReqHand - _cleanupWindowlessSessions - Deleted Session 'bdef9c60-bdeb-11e6-b15a-5d07ad0dbd72', because windowless
